<?xml version="1.0" encoding="UTF-8"?>
<!-- Generated by org.testng.reporters.JUnitXMLReporter -->
<testsuite ignored="0" hostname="IT-CORES-24" failures="0" tests="3" name="Default test" time="5.321" errors="0" timestamp="2024-08-18T19:26:09 EEST">
  <testcase classname="Test1.authPOST" name="validateAddItemSuccess" time="2.522"/>
  <testcase classname="Test1.bookingPOST" name="validateAddItemSuccess" time="0.673"/>
  <testcase classname="Test1.bookingGET" name="validateGETLIST" time="2.058"/>
</testsuite> <!-- Default test -->
